<?xml version="1.0" encoding="UTF-8"?>
<!-- Generated by org.testng.reporters.JUnitReportReporter -->
<testsuite hostname="jaideos-MacBook-Pro.local" name="TestNg.ExpectedExceptionFeature" tests="1" failures="0" timestamp="26 Mar 2019 01:54:12 GMT" time="0.014" errors="0">
  <testcase name="division" time="0.014" classname="TestNg.ExpectedExceptionFeature"/>
</testsuite> <!-- TestNg.ExpectedExceptionFeature -->
