<?xml version="1.0" encoding="UTF-8"?>
<!-- Generated by org.testng.reporters.JUnitReportReporter -->
<testsuite hostname="jaideos-MacBook-Pro.local" name="TestNg.ParameterizationFeature" tests="1" failures="0" timestamp="26 Mar 2019 20:37:37 GMT" time="6.550" errors="0">
  <testcase name="login" time="6.550" classname="TestNg.ParameterizationFeature"/>
</testsuite> <!-- TestNg.ParameterizationFeature -->
