<?xml version="1.0" encoding="UTF-8"?>
<!-- Generated by org.testng.reporters.JUnitReportReporter -->
<testsuite hostname="jaideos-MacBook-Pro.local" name="TestNg.TestNgBasic" tests="2" failures="0" timestamp="25 Mar 2019 23:52:30 GMT" time="0.010" errors="0">
  <testcase name="checkLogo" time="0.008" classname="TestNg.TestNgBasic"/>
  <testcase name="getText" time="0.002" classname="TestNg.TestNgBasic"/>
</testsuite> <!-- TestNg.TestNgBasic -->
