<?xml version="1.0" encoding="UTF-8"?>
<!-- Generated by org.testng.reporters.JUnitReportReporter -->
<testsuite hostname="jaideos-MacBook-Pro.local" name="TestNg.InvocationCountFeature" tests="10" failures="0" timestamp="26 Mar 2019 01:40:52 GMT" time="0.020" errors="0">
  <testcase name="getText" time="0.001" classname="TestNg.InvocationCountFeature"/>
  <testcase name="getText" time="0.001" classname="TestNg.InvocationCountFeature"/>
  <testcase name="getText" time="0.001" classname="TestNg.InvocationCountFeature"/>
  <testcase name="getText" time="0.001" classname="TestNg.InvocationCountFeature"/>
  <testcase name="getText" time="0.014" classname="TestNg.InvocationCountFeature"/>
  <testcase name="getText" time="0.001" classname="TestNg.InvocationCountFeature"/>
  <testcase name="getText" time="0.000" classname="TestNg.InvocationCountFeature"/>
  <testcase name="getText" time="0.001" classname="TestNg.InvocationCountFeature"/>
  <testcase name="getText" time="0.000" classname="TestNg.InvocationCountFeature"/>
  <testcase name="getText" time="0.000" classname="TestNg.InvocationCountFeature"/>
</testsuite> <!-- TestNg.InvocationCountFeature -->
