<?xml version="1.0" encoding="UTF-8"?>
<!-- Generated by org.testng.reporters.JUnitReportReporter -->
<testsuite hostname="jaideos-MacBook-Pro.local" name="TestNg.PriorityFeature" tests="3" failures="0" timestamp="26 Mar 2019 20:30:33 GMT" time="0.098" errors="0">
  <testcase name="checkGmailLink" time="0.052" classname="TestNg.PriorityFeature"/>
  <testcase name="getTitle" time="0.009" classname="TestNg.PriorityFeature"/>
  <testcase name="checkLogo" time="0.037" classname="TestNg.PriorityFeature"/>
</testsuite> <!-- TestNg.PriorityFeature -->
