<?xml version="1.0" encoding="UTF-8"?>
<!-- Generated by org.testng.reporters.JUnitReportReporter -->
<testsuite hostname="jaideos-MacBook-Pro.local" name="TestNg.GoogleTest" tests="2" failures="0" timestamp="26 Mar 2019 20:30:33 GMT" time="5.254" errors="0">
  <testcase name="checkLogo" time="2.763" classname="TestNg.GoogleTest"/>
  <testcase name="checkGmailLink" time="2.491" classname="TestNg.GoogleTest"/>
</testsuite> <!-- TestNg.GoogleTest -->
