<?xml version="1.0" encoding="UTF-8"?>
<!-- Generated by org.testng.reporters.JUnitReportReporter -->
<testsuite hostname="jaideos-MacBook-Pro.local" name="TestNg.GroupFeature" tests="6" failures="0" timestamp="26 Mar 2019 01:15:26 GMT" time="0.016" errors="0">
  <testcase name="test5" time="0.000" classname="TestNg.GroupFeature"/>
  <testcase name="checkLogo" time="0.001" classname="TestNg.GroupFeature"/>
  <testcase name="getlink" time="0.000" classname="TestNg.GroupFeature"/>
  <testcase name="test6" time="0.001" classname="TestNg.GroupFeature"/>
  <testcase name="test4" time="0.000" classname="TestNg.GroupFeature"/>
  <testcase name="getText" time="0.014" classname="TestNg.GroupFeature"/>
</testsuite> <!-- TestNg.GroupFeature -->
