<?xml version="1.0" encoding="UTF-8"?>
<!-- Generated by org.testng.reporters.JUnitReportReporter -->
<testsuite hostname="jaideos-MacBook-Pro.local" name="TestNg.AssertFeature" tests="1" failures="0" timestamp="26 Mar 2019 20:30:33 GMT" time="7.567" errors="0">
  <testcase name="getTitle" time="7.567" classname="TestNg.AssertFeature"/>
</testsuite> <!-- TestNg.AssertFeature -->
